<?xml version="1.0" encoding="UTF-8"?>
<!-- Generated by org.testng.reporters.JUnitReportReporter -->
<testsuite skipped="0" hostname="Zakaria-HP" name="TestClasses.TestClass01" tests="1" failures="0" timestamp="05 Feb 2018 01:23:53 GMT" time="5.678" errors="0">
  <testcase name="anTTesting" time="5.678" classname="TestClasses.TestClass01"/>
</testsuite> <!-- TestClasses.TestClass01 -->
